c:\users\aleko\desktop\computervısıon\cvproject\debug\vc120.pdb
c:\users\aleko\desktop\computervısıon\cvproject\debug\.netframework,versıon=v4.5.assemblyattrıbutes.obj
c:\users\aleko\desktop\computervısıon\cvproject\debug\form1.obj
c:\users\aleko\desktop\computervision\cvproject\debug\cvproject.form1.resources
c:\users\aleko\desktop\computervısıon\debug\cvproject.exe
c:\users\aleko\desktop\computervısıon\debug\cvproject.pdb
c:\users\aleko\desktop\computervısıon\cvproject\debug\cvproject.tlog\metagen.wrıte.1.tlog
c:\users\aleko\desktop\computervision\cvproject\debug\cvproject.vcxproj.generateresource.cache
c:\users\aleko\desktop\computervision\cvproject\debug\cvproject.vcxprojresolveassemblyreference.cache
c:\users\aleko\desktop\computervision\cvproject\debug\.netframework,version=v4.5.assemblyattributes.obj
c:\users\aleko\desktop\computervision\cvproject\debug\form1.obj
c:\users\aleko\desktop\computervision\cvproject\debug\vc120.pdb
c:\users\aleko\desktop\computervision\debug\cvproject.pdb
c:\users\aleko\desktop\computervision\debug\cvproject.exe
c:\users\aleko\desktop\computervision\cvproject\debug\cvproject.tlog\cl.command.1.tlog
c:\users\aleko\desktop\computervision\cvproject\debug\cvproject.tlog\cl.read.1.tlog
c:\users\aleko\desktop\computervision\cvproject\debug\cvproject.tlog\cl.write.1.tlog
c:\users\aleko\desktop\computervision\cvproject\debug\cvproject.tlog\cvproject.write.1u.tlog
c:\users\aleko\desktop\computervision\cvproject\debug\cvproject.tlog\link.command.1.tlog
c:\users\aleko\desktop\computervision\cvproject\debug\cvproject.tlog\link.read.1.tlog
c:\users\aleko\desktop\computervision\cvproject\debug\cvproject.tlog\link.write.1.tlog
c:\users\aleko\desktop\computervision\cvproject\debug\cvproject.tlog\metagen.read.1.tlog
c:\users\aleko\desktop\computervision\cvproject\debug\cvproject.tlog\metagen.write.1.tlog
c:\users\aleko\desktop\computervision\cvproject\debug\cvproject.tlog\mscorlıb.dll.metagen
c:\users\aleko\desktop\computervision\cvproject\debug\cvproject.tlog\system.data.dll.metagen
c:\users\aleko\desktop\computervision\cvproject\debug\cvproject.tlog\system.dll.metagen
c:\users\aleko\desktop\computervision\cvproject\debug\cvproject.tlog\system.drawıng.dll.metagen
c:\users\aleko\desktop\computervision\cvproject\debug\cvproject.tlog\system.wındows.forms.datavısualızatıon.dll.metagen
c:\users\aleko\desktop\computervision\cvproject\debug\cvproject.tlog\system.wındows.forms.dll.metagen
c:\users\aleko\desktop\computervision\cvproject\debug\cvproject.tlog\system.xml.dll.metagen
c:\users\aleko\desktop\computervision\cvproject\debug\cvproject.tlog\clr.dll.bi
c:\users\aleko\desktop\computervision\cvproject\debug\cvproject.tlog\cluı.dll.bi
c:\users\aleko\desktop\computervision\cvproject\debug\cvproject.tlog\mscorwks.dll.bi
c:\users\aleko\desktop\computervision\cvproject\debug\cvproject.tlog\rsaenh.dll.bi
c:\users\aleko\desktop\computervision\cvproject\debug\cvproject.tlog\tzres.dll.bi
